app/build/intermediates/manifest_merge_blame_file/release/manifest-merger-blame-release-report.txt
1<?xml version="1.0" encoding="utf-8"?>
2<manifest xmlns:android="http://schemas.android.com/apk/res/android"
3    package="com.example.ebsma.basic"
4    android:versionCode="1"
5    android:versionName="1.0" >
6
7    <uses-sdk
8        android:minSdkVersion="21"
8-->src\main\AndroidManifest.xml
9        android:targetSdkVersion="27" />
9-->src\main\AndroidManifest.xml
10
11    <uses-permission android:name="android.permission.INTERNET" />
11-->src\main\AndroidManifest.xml:5:5-67
11-->src\main\AndroidManifest.xml:5:22-64
12    <uses-permission android:name="android.permission.READ_EXTERNAL_STORAGE" />
12-->src\main\AndroidManifest.xml:6:5-80
12-->src\main\AndroidManifest.xml:6:22-77
13    <uses-permission android:name="android.permission.WRITE_EXTERNAL_STORAGE" />
13-->src\main\AndroidManifest.xml:7:5-81
13-->src\main\AndroidManifest.xml:7:22-78
14    <uses-permission android:name="android.permission.ACCESS_FINE_LOCATION" />
14-->src\main\AndroidManifest.xml:8:5-78
14-->src\main\AndroidManifest.xml:8:22-76
15    <uses-permission android:name="android.permission.ACCESS_NETWORK_STATE" />
15-->[com.google.firebase:firebase-analytics:11.8.0] AndroidManifest.xml:24:5-79
15-->[com.google.firebase:firebase-analytics:11.8.0] AndroidManifest.xml:24:22-76
16    <uses-permission android:name="android.permission.WAKE_LOCK" /> <!-- Required by older versions of Google Play services to create IID tokens -->
16-->[com.google.firebase:firebase-analytics:11.8.0] AndroidManifest.xml:25:5-68
16-->[com.google.firebase:firebase-analytics:11.8.0] AndroidManifest.xml:25:22-65
17    <uses-permission android:name="com.google.android.c2dm.permission.RECEIVE" />
17-->[com.google.firebase:firebase-iid:11.8.0] AndroidManifest.xml:26:5-82
17-->[com.google.firebase:firebase-iid:11.8.0] AndroidManifest.xml:26:22-79
18
19    <permission
19-->[com.google.firebase:firebase-iid:11.8.0] AndroidManifest.xml:28:5-30:47
20        android:name="com.example.ebsma.basic.permission.C2D_MESSAGE"
20-->[com.google.firebase:firebase-iid:11.8.0] AndroidManifest.xml:29:9-63
21        android:protectionLevel="signature" />
21-->[com.google.firebase:firebase-iid:11.8.0] AndroidManifest.xml:30:9-44
22
23    <uses-permission android:name="com.example.ebsma.basic.permission.C2D_MESSAGE" />
23-->[com.google.firebase:firebase-iid:11.8.0] AndroidManifest.xml:32:5-79
23-->[com.google.firebase:firebase-iid:11.8.0] AndroidManifest.xml:32:22-76
24
25    <application
25-->src\main\AndroidManifest.xml:10:5-50:19
26        android:allowBackup="true"
26-->src\main\AndroidManifest.xml:11:9-35
27        android:hardwareAccelerated="true"
27-->src\main\AndroidManifest.xml:12:9-43
28        android:icon="@mipmap/ic_launcher"
28-->src\main\AndroidManifest.xml:14:9-43
29        android:label="@string/app_name"
29-->src\main\AndroidManifest.xml:15:9-41
30        android:largeHeap="false"
30-->src\main\AndroidManifest.xml:13:9-34
31        android:roundIcon="@mipmap/ic_launcher_round"
31-->src\main\AndroidManifest.xml:16:9-54
32        android:supportsRtl="true"
32-->src\main\AndroidManifest.xml:17:9-35
33        android:theme="@style/AppTheme" >
33-->src\main\AndroidManifest.xml:18:9-40
34        <activity
34-->src\main\AndroidManifest.xml:19:9-26:20
35            android:name="com.example.ebsma.basic.splash.SplashActivity"
35-->src\main\AndroidManifest.xml:19:19-56
36            android:theme="@style/SplashTheme" >
36-->src\main\AndroidManifest.xml:19:57-91
37            <intent-filter>
37-->src\main\AndroidManifest.xml:20:13-24:29
38                <action android:name="android.intent.action.MAIN" />
38-->src\main\AndroidManifest.xml:21:17-69
38-->src\main\AndroidManifest.xml:21:25-66
39
40                <category android:name="android.intent.category.LAUNCHER" />
40-->src\main\AndroidManifest.xml:22:17-77
40-->src\main\AndroidManifest.xml:22:27-74
41            </intent-filter>
42        </activity>
43        <activity android:name="com.example.ebsma.basic.views.main.MainActivity" />
43-->src\main\AndroidManifest.xml:27:9-83
43-->src\main\AndroidManifest.xml:27:19-81
44        <activity android:name="com.example.ebsma.basic.views.register.RegisterActivity" />
44-->src\main\AndroidManifest.xml:29:9-92
44-->src\main\AndroidManifest.xml:29:19-89
45        <activity android:name="com.example.ebsma.basic.views.login.LoginActivity" />
45-->src\main\AndroidManifest.xml:30:9-86
45-->src\main\AndroidManifest.xml:30:19-83
46        <activity android:name="com.example.ebsma.basic.views.setup.SetupActivity" />
46-->src\main\AndroidManifest.xml:31:9-86
46-->src\main\AndroidManifest.xml:31:19-83
47        <activity android:name="com.example.ebsma.basic.views.post.PostActivity" />
47-->src\main\AndroidManifest.xml:32:9-84
47-->src\main\AndroidManifest.xml:32:19-81
48        <activity
48-->src\main\AndroidManifest.xml:33:9-35:59
49            android:name="com.theartofdev.edmodo.cropper.CropImageActivity"
49-->src\main\AndroidManifest.xml:34:13-76
50            android:theme="@style/Base.Theme.AppCompat" />
50-->src\main\AndroidManifest.xml:35:13-56
51        <activity
51-->src\main\AndroidManifest.xml:36:9-38:92
52            android:name="com.example.ebsma.basic.views.findfriend.FindFriendsActivity"
52-->src\main\AndroidManifest.xml:37:13-88
53            android:parentActivityName="com.example.ebsma.basic.views.main.MainActivity" />
53-->src\main\AndroidManifest.xml:38:13-89
54        <activity android:name="com.example.ebsma.basic.views.clickpost.ClickPostActivity" />
54-->src\main\AndroidManifest.xml:39:9-94
54-->src\main\AndroidManifest.xml:39:19-91
55        <activity
55-->src\main\AndroidManifest.xml:40:9-42:92
56            android:name="com.example.ebsma.basic.views.setting.SettingsActivity"
56-->src\main\AndroidManifest.xml:41:13-82
57            android:parentActivityName="com.example.ebsma.basic.views.main.MainActivity" />
57-->src\main\AndroidManifest.xml:42:13-89
58        <activity android:name="com.example.ebsma.basic.views.profile.ProfileActivity" />
58-->src\main\AndroidManifest.xml:43:9-90
58-->src\main\AndroidManifest.xml:43:19-87
59        <activity android:name="com.example.ebsma.basic.views.comment.CommentsActivity" />
59-->src\main\AndroidManifest.xml:44:9-91
59-->src\main\AndroidManifest.xml:44:19-88
60        <activity android:name="com.example.ebsma.basic.views.resetpassword.ResetPasswordActivity" />
60-->src\main\AndroidManifest.xml:45:9-102
60-->src\main\AndroidManifest.xml:45:19-99
61        <activity
61-->src\main\AndroidManifest.xml:46:9-47:91
62            android:name="com.example.ebsma.basic.views.chat.ChatActivity"
62-->src\main\AndroidManifest.xml:46:19-81
63            android:parentActivityName="com.example.ebsma.basic.views.main.MainActivity" />
63-->src\main\AndroidManifest.xml:47:13-89
64        <activity
64-->src\main\AndroidManifest.xml:48:9-49:91
65            android:name="com.example.ebsma.basic.views.friendslist.FriendsListActivity"
65-->src\main\AndroidManifest.xml:48:19-95
66            android:parentActivityName="com.example.ebsma.basic.views.main.MainActivity" />
66-->src\main\AndroidManifest.xml:49:13-89
67        <activity
67-->[com.google.firebase:firebase-auth:11.8.0] AndroidManifest.xml:23:9-29:75
68            android:name="com.google.firebase.auth.internal.FederatedSignInActivity"
68-->[com.google.firebase:firebase-auth:11.8.0] AndroidManifest.xml:24:13-85
69            android:excludeFromRecents="true"
69-->[com.google.firebase:firebase-auth:11.8.0] AndroidManifest.xml:25:13-46
70            android:exported="true"
70-->[com.google.firebase:firebase-auth:11.8.0] AndroidManifest.xml:26:13-36
71            android:launchMode="singleInstance"
71-->[com.google.firebase:firebase-auth:11.8.0] AndroidManifest.xml:27:13-48
72            android:permission="com.google.firebase.auth.api.gms.permission.LAUNCH_FEDERATED_SIGN_IN"
72-->[com.google.firebase:firebase-auth:11.8.0] AndroidManifest.xml:28:13-102
73            android:theme="@android:style/Theme.Translucent.NoTitleBar" />
73-->[com.google.firebase:firebase-auth:11.8.0] AndroidManifest.xml:29:13-72
74        <activity
74-->[com.google.android.gms:play-services-auth:11.8.0] AndroidManifest.xml:23:9-27:75
75            android:name="com.google.android.gms.auth.api.signin.internal.SignInHubActivity"
75-->[com.google.android.gms:play-services-auth:11.8.0] AndroidManifest.xml:24:13-93
76            android:excludeFromRecents="true"
76-->[com.google.android.gms:play-services-auth:11.8.0] AndroidManifest.xml:25:13-46
77            android:exported="false"
77-->[com.google.android.gms:play-services-auth:11.8.0] AndroidManifest.xml:26:13-37
78            android:theme="@android:style/Theme.Translucent.NoTitleBar" />
78-->[com.google.android.gms:play-services-auth:11.8.0] AndroidManifest.xml:27:13-72
79        <!--
80            Service handling Google Sign-In user revocation. For apps that do not integrate with
81            Google Sign-In, this service will never be started.
82        -->
83        <service
83-->[com.google.android.gms:play-services-auth:11.8.0] AndroidManifest.xml:33:9-36:110
84            android:name="com.google.android.gms.auth.api.signin.RevocationBoundService"
84-->[com.google.android.gms:play-services-auth:11.8.0] AndroidManifest.xml:34:13-89
85            android:exported="true"
85-->[com.google.android.gms:play-services-auth:11.8.0] AndroidManifest.xml:35:13-36
86            android:permission="com.google.android.gms.auth.api.signin.permission.REVOCATION_NOTIFICATION" />
86-->[com.google.android.gms:play-services-auth:11.8.0] AndroidManifest.xml:36:13-107
87
88        <meta-data
88-->[com.firebaseui:firebase-ui-database:2.1.1] AndroidManifest.xml:14:9-16:69
89            android:name="com.google.android.gms.version"
89-->[com.firebaseui:firebase-ui-database:2.1.1] AndroidManifest.xml:15:13-58
90            android:value="@integer/google_play_services_version" />
90-->[com.firebaseui:firebase-ui-database:2.1.1] AndroidManifest.xml:16:13-66
91
92        <provider
92-->[com.squareup.picasso:picasso:2.71828] AndroidManifest.xml:8:9-11:40
93            android:name="com.squareup.picasso.PicassoProvider"
93-->[com.squareup.picasso:picasso:2.71828] AndroidManifest.xml:9:13-64
94            android:authorities="com.example.ebsma.basic.com.squareup.picasso"
94-->[com.squareup.picasso:picasso:2.71828] AndroidManifest.xml:10:13-72
95            android:exported="false" />
95-->[com.squareup.picasso:picasso:2.71828] AndroidManifest.xml:11:13-37
96
97        <receiver
97-->[com.google.firebase:firebase-analytics:11.8.0] AndroidManifest.xml:28:9-32:20
98            android:name="com.google.android.gms.measurement.AppMeasurementReceiver"
98-->[com.google.firebase:firebase-analytics:11.8.0] AndroidManifest.xml:29:13-85
99            android:enabled="true"
99-->[com.google.firebase:firebase-analytics:11.8.0] AndroidManifest.xml:30:13-35
100            android:exported="false" >
100-->[com.google.firebase:firebase-analytics:11.8.0] AndroidManifest.xml:31:13-37
101        </receiver>
102        <receiver
102-->[com.google.firebase:firebase-analytics:11.8.0] AndroidManifest.xml:33:9-41:20
103            android:name="com.google.android.gms.measurement.AppMeasurementInstallReferrerReceiver"
103-->[com.google.firebase:firebase-analytics:11.8.0] AndroidManifest.xml:34:13-100
104            android:enabled="true"
104-->[com.google.firebase:firebase-analytics:11.8.0] AndroidManifest.xml:35:13-35
105            android:exported="true"
105-->[com.google.firebase:firebase-analytics:11.8.0] AndroidManifest.xml:36:13-36
106            android:permission="android.permission.INSTALL_PACKAGES" >
106-->[com.google.firebase:firebase-analytics:11.8.0] AndroidManifest.xml:37:13-69
107            <intent-filter>
107-->[com.google.firebase:firebase-analytics:11.8.0] AndroidManifest.xml:38:13-40:29
108                <action android:name="com.android.vending.INSTALL_REFERRER" />
108-->[com.google.firebase:firebase-analytics:11.8.0] AndroidManifest.xml:39:17-79
108-->[com.google.firebase:firebase-analytics:11.8.0] AndroidManifest.xml:39:25-76
109            </intent-filter>
110        </receiver>
111
112        <service
112-->[com.google.firebase:firebase-analytics:11.8.0] AndroidManifest.xml:43:9-46:40
113            android:name="com.google.android.gms.measurement.AppMeasurementService"
113-->[com.google.firebase:firebase-analytics:11.8.0] AndroidManifest.xml:44:13-84
114            android:enabled="true"
114-->[com.google.firebase:firebase-analytics:11.8.0] AndroidManifest.xml:45:13-35
115            android:exported="false" />
115-->[com.google.firebase:firebase-analytics:11.8.0] AndroidManifest.xml:46:13-37
116        <service
116-->[com.google.firebase:firebase-analytics:11.8.0] AndroidManifest.xml:47:9-51:72
117            android:name="com.google.android.gms.measurement.AppMeasurementJobService"
117-->[com.google.firebase:firebase-analytics:11.8.0] AndroidManifest.xml:48:13-87
118            android:enabled="true"
118-->[com.google.firebase:firebase-analytics:11.8.0] AndroidManifest.xml:49:13-35
119            android:exported="false"
119-->[com.google.firebase:firebase-analytics:11.8.0] AndroidManifest.xml:50:13-37
120            android:permission="android.permission.BIND_JOB_SERVICE" />
120-->[com.google.firebase:firebase-analytics:11.8.0] AndroidManifest.xml:51:13-69
121
122        <activity
122-->[com.google.android.gms:play-services-base:11.8.0] AndroidManifest.xml:23:9-26:75
123            android:name="com.google.android.gms.common.api.GoogleApiActivity"
123-->[com.google.android.gms:play-services-base:11.8.0] AndroidManifest.xml:24:13-79
124            android:exported="false"
124-->[com.google.android.gms:play-services-base:11.8.0] AndroidManifest.xml:25:13-37
125            android:theme="@android:style/Theme.Translucent.NoTitleBar" />
125-->[com.google.android.gms:play-services-base:11.8.0] AndroidManifest.xml:26:13-72
126
127        <receiver
127-->[com.google.firebase:firebase-iid:11.8.0] AndroidManifest.xml:35:9-44:20
128            android:name="com.google.firebase.iid.FirebaseInstanceIdReceiver"
128-->[com.google.firebase:firebase-iid:11.8.0] AndroidManifest.xml:36:13-78
129            android:exported="true"
129-->[com.google.firebase:firebase-iid:11.8.0] AndroidManifest.xml:37:13-36
130            android:permission="com.google.android.c2dm.permission.SEND" >
130-->[com.google.firebase:firebase-iid:11.8.0] AndroidManifest.xml:38:13-73
131            <intent-filter>
131-->[com.google.firebase:firebase-iid:11.8.0] AndroidManifest.xml:39:13-43:29
132                <action android:name="com.google.android.c2dm.intent.RECEIVE" />
132-->[com.google.firebase:firebase-iid:11.8.0] AndroidManifest.xml:40:17-81
132-->[com.google.firebase:firebase-iid:11.8.0] AndroidManifest.xml:40:25-78
133
134                <category android:name="com.example.ebsma.basic" />
134-->[com.google.firebase:firebase-iid:11.8.0] AndroidManifest.xml:42:17-61
134-->[com.google.firebase:firebase-iid:11.8.0] AndroidManifest.xml:42:27-58
135            </intent-filter>
136        </receiver>
137        <!--
138             FirebaseInstanceIdService performs security checks at runtime,
139             no need for explicit permissions despite exported="true"
140        -->
141        <service
141-->[com.google.firebase:firebase-iid:11.8.0] AndroidManifest.xml:50:9-56:19
142            android:name="com.google.firebase.iid.FirebaseInstanceIdService"
142-->[com.google.firebase:firebase-iid:11.8.0] AndroidManifest.xml:51:13-77
143            android:exported="true" >
143-->[com.google.firebase:firebase-iid:11.8.0] AndroidManifest.xml:52:13-36
144            <intent-filter android:priority="-500" >
144-->[com.google.firebase:firebase-iid:11.8.0] AndroidManifest.xml:53:13-55:29
144-->[com.google.firebase:firebase-iid:11.8.0] AndroidManifest.xml:53:28-51
145                <action android:name="com.google.firebase.INSTANCE_ID_EVENT" />
145-->[com.google.firebase:firebase-iid:11.8.0] AndroidManifest.xml:54:17-80
145-->[com.google.firebase:firebase-iid:11.8.0] AndroidManifest.xml:54:25-77
146            </intent-filter>
147        </service>
148
149        <provider
149-->[com.google.firebase:firebase-common:11.8.0] AndroidManifest.xml:8:9-12:39
150            android:name="com.google.firebase.provider.FirebaseInitProvider"
150-->[com.google.firebase:firebase-common:11.8.0] AndroidManifest.xml:9:13-77
151            android:authorities="com.example.ebsma.basic.firebaseinitprovider"
151-->[com.google.firebase:firebase-common:11.8.0] AndroidManifest.xml:10:13-72
152            android:exported="false"
152-->[com.google.firebase:firebase-common:11.8.0] AndroidManifest.xml:11:13-37
153            android:initOrder="100" />
153-->[com.google.firebase:firebase-common:11.8.0] AndroidManifest.xml:12:13-36
154    </application>
155
156</manifest>